<?xml version="1.0" encoding="UTF-8"?>
<!-- Generated by org.testng.reporters.JUnitXMLReporter -->
<testsuite ignored="6" hostname="DESKTOP-52O8G07" failures="0" tests="4" name="Test" time="28.171" errors="0" timestamp="2024-08-27T16:50:05 IST">
  <testcase classname="webshop_test.RegisterTest" name="registerValid" time="3.175"/>
  <testcase classname="webshop_test.LoginTest" name="login" time="3.533"/>
  <testcase classname="webshop_test.ProductTest" name="orderPlace" time="13.991"/>
  <testcase classname="webshop_test.LogoFooterTest" name="logoFooterValid" time="0.128"/>
  <testcase classname="basepackage.BaseTest" name="@BeforeTest beforeTest" time="0.0">
    <ignored/>
  </testcase> <!-- @BeforeTest beforeTest -->
  <testcase classname="basepackage.BaseTest" name="@BeforeTest beforeTest" time="0.0">
    <ignored/>
  </testcase> <!-- @BeforeTest beforeTest -->
  <testcase classname="basepackage.BaseTest" name="@AfterTest afterTest" time="0.0">
    <ignored/>
  </testcase> <!-- @AfterTest afterTest -->
  <testcase classname="basepackage.BaseTest" name="@AfterTest afterTest" time="0.0">
    <ignored/>
  </testcase> <!-- @AfterTest afterTest -->
  <testcase classname="basepackage.BaseTest" name="@BeforeTest beforeTest" time="0.0">
    <ignored/>
  </testcase> <!-- @BeforeTest beforeTest -->
  <testcase classname="basepackage.BaseTest" name="@AfterTest afterTest" time="0.0">
    <ignored/>
  </testcase> <!-- @AfterTest afterTest -->
</testsuite> <!-- Test -->
